15:59:47.435 [main] INFO  org.testng.internal.Utils - [TestNG] Running:
  C:\Workspaces\Automation_2024\GymnagoV2\logintest.xml

15:59:58.957 [main] INFO  testCases.TC005_LoginTest - ***Starting login test***
16:00:13.317 [main] INFO  testCases.TC006_LoginWithInvalid - ***Starting login test***
16:03:03.297 [main] DEBUG org.testng.TestNG - suiteXmlPath: "C:\Workspaces\Automation_2024\GymnagoV2\logintest.xml"
16:03:03.314 [main] WARN  org.testng.xml.TestNGContentHandler - It is strongly recommended to add "<!DOCTYPE suite SYSTEM "https://testng.org/testng-1.0.dtd" >" at the top of the suite file [C:\Workspaces\Automation_2024\GymnagoV2\logintest.xml] otherwise TestNG may fail or not work as expected.
16:03:03.663 [main] INFO  org.testng.internal.Utils - [TestNG] Running:
  C:\Workspaces\Automation_2024\GymnagoV2\logintest.xml

16:03:08.581 [main] INFO  testCases.TC005_LoginTest - ***Starting login test***
16:03:22.488 [main] INFO  testCases.TC006_LoginWithInvalid - ***Starting login test***
16:04:03.796 [main] DEBUG org.testng.TestNG - suiteXmlPath: "C:\Workspaces\Automation_2024\GymnagoV2\logintest.xml"
16:04:03.814 [main] WARN  org.testng.xml.TestNGContentHandler - It is strongly recommended to add "<!DOCTYPE suite SYSTEM "https://testng.org/testng-1.0.dtd" >" at the top of the suite file [C:\Workspaces\Automation_2024\GymnagoV2\logintest.xml] otherwise TestNG may fail or not work as expected.
16:04:04.169 [main] INFO  org.testng.internal.Utils - [TestNG] Running:
  C:\Workspaces\Automation_2024\GymnagoV2\logintest.xml

16:04:20.967 [main] INFO  testCases.TC005_LoginTest - ***Starting login test***
16:04:38.036 [main] INFO  testCases.TC006_LoginWithInvalid - ***Starting login test***
16:05:10.852 [main] DEBUG org.testng.TestNG - suiteXmlPath: "C:\Workspaces\Automation_2024\GymnagoV2\logintest.xml"
16:05:10.868 [main] WARN  org.testng.xml.TestNGContentHandler - It is strongly recommended to add "<!DOCTYPE suite SYSTEM "https://testng.org/testng-1.0.dtd" >" at the top of the suite file [C:\Workspaces\Automation_2024\GymnagoV2\logintest.xml] otherwise TestNG may fail or not work as expected.
16:05:11.229 [main] INFO  org.testng.internal.Utils - [TestNG] Running:
  C:\Workspaces\Automation_2024\GymnagoV2\logintest.xml

16:05:21.909 [main] INFO  testCases.TC005_LoginTest - ***Starting login test***
16:12:14.188 [main] DEBUG org.testng.TestNG - suiteXmlPath: "C:\Workspaces\Automation_2024\GymnagoV2\logintest.xml"
16:12:14.204 [main] WARN  org.testng.xml.TestNGContentHandler - It is strongly recommended to add "<!DOCTYPE suite SYSTEM "https://testng.org/testng-1.0.dtd" >" at the top of the suite file [C:\Workspaces\Automation_2024\GymnagoV2\logintest.xml] otherwise TestNG may fail or not work as expected.
16:12:14.581 [main] INFO  org.testng.internal.Utils - [TestNG] Running:
  C:\Workspaces\Automation_2024\GymnagoV2\logintest.xml

16:12:22.116 [main] INFO  testCases.TC005_LoginTest - ***Starting login test***
16:15:04.915 [main] DEBUG org.testng.TestNG - suiteXmlPath: "C:\Workspaces\Automation_2024\GymnagoV2\logintest.xml"
16:15:04.932 [main] WARN  org.testng.xml.TestNGContentHandler - It is strongly recommended to add "<!DOCTYPE suite SYSTEM "https://testng.org/testng-1.0.dtd" >" at the top of the suite file [C:\Workspaces\Automation_2024\GymnagoV2\logintest.xml] otherwise TestNG may fail or not work as expected.
16:15:05.335 [main] INFO  org.testng.internal.Utils - [TestNG] Running:
  C:\Workspaces\Automation_2024\GymnagoV2\logintest.xml

16:15:22.495 [main] INFO  testCases.TC005_LoginTest - ***Starting login test***
16:15:50.037 [main] INFO  testCases.TC006_LoginWithInvalid - ***Starting login test***
16:22:28.920 [main] DEBUG org.testng.TestNG - suiteXmlPath: "C:\Workspaces\Automation_2024\GymnagoV2\logintest.xml"
16:22:28.941 [main] WARN  org.testng.xml.TestNGContentHandler - It is strongly recommended to add "<!DOCTYPE suite SYSTEM "https://testng.org/testng-1.0.dtd" >" at the top of the suite file [C:\Workspaces\Automation_2024\GymnagoV2\logintest.xml] otherwise TestNG may fail or not work as expected.
16:22:29.307 [main] INFO  org.testng.internal.Utils - [TestNG] Running:
  C:\Workspaces\Automation_2024\GymnagoV2\logintest.xml

16:22:36.515 [main] INFO  testCases.TC005_LoginTest - ***Starting login test***
16:23:04.136 [main] INFO  testCases.TC006_LoginWithInvalid - ***Starting login test***
16:05:46.539 [main] DEBUG org.testng.TestNG - suiteXmlPath: "C:\Workspaces\Automation_2024\GymnagoV2\logintest.xml"
16:05:46.557 [main] WARN  org.testng.xml.TestNGContentHandler - It is strongly recommended to add "<!DOCTYPE suite SYSTEM "https://testng.org/testng-1.0.dtd" >" at the top of the suite file [C:\Workspaces\Automation_2024\GymnagoV2\logintest.xml] otherwise TestNG may fail or not work as expected.
16:05:47.037 [main] INFO  org.testng.internal.Utils - [TestNG] Running:
  C:\Workspaces\Automation_2024\GymnagoV2\logintest.xml

16:06:06.923 [main] INFO  testCases.TC005_LoginTest - ***Starting login test***
