15:31:44.593 [main] INFO  org.testng.internal.Utils - [Utils] MethodGroupsHelper.sortMethods() took 0 ms.
15:31:44.601 [main] INFO  org.testng.internal.Utils - [Utils] MethodGroupsHelper.collectMethodsByGroup() took 0 ms.
15:31:44.601 [main] INFO  org.testng.internal.Utils - [Utils] MethodGroupsHelper.sortMethods() took 0 ms.
15:31:44.602 [main] INFO  org.testng.internal.Utils - [Utils] MethodGroupsHelper.collectMethodsByGroup() took 0 ms.
15:31:44.603 [main] INFO  org.testng.internal.Utils - [Utils] MethodGroupsHelper.sortMethods() took 0 ms.
15:31:44.603 [main] INFO  org.testng.internal.Utils - [Utils] MethodGroupsHelper.collectMethodsByGroup() took 0 ms.
15:31:44.606 [main] INFO  org.testng.internal.Utils - [Utils] MethodGroupsHelper.sortMethods() took 0 ms.
15:31:44.607 [main] INFO  org.testng.internal.Utils - [Utils] MethodGroupsHelper.collectMethodsByGroup() took 0 ms.
15:31:44.608 [main] INFO  org.testng.internal.Utils - [Utils] MethodGroupsHelper.sortMethods() took 0 ms.
15:31:44.609 [main] INFO  org.testng.internal.Utils - [Utils] MethodGroupsHelper.collectMethodsByGroup() took 0 ms.
15:31:44.609 [main] INFO  org.testng.internal.Utils - [Utils] MethodGroupsHelper.sortMethods() took 0 ms.
15:31:44.610 [main] INFO  org.testng.internal.Utils - [Utils] MethodGroupsHelper.collectMethodsByGroup() took 0 ms.
15:31:44.610 [main] INFO  org.testng.internal.Utils - [Utils] MethodGroupsHelper.sortMethods() took 0 ms.
15:31:44.619 [main] INFO  org.testng.internal.Utils - [TestNG] Running:
  C:\Users\DELL\AppData\Local\Temp\testng-eclipse-700074357\testng-customsuite.xml

15:31:44.641 [main] INFO  org.testng.internal.Utils - [Utils] DynamicGraphHelper.createDynamicGraph() took 3 ms.
15:31:44.754 [main] INFO  org.testng.internal.Utils - [TestNG] Time taken by org.testng.reporters.SuiteHTMLReporter@3aee3976: 26 ms
15:31:44.817 [main] INFO  org.testng.internal.Utils - [TestNG] Time taken by org.testng.reporters.jq.Main@2555fff0: 62 ms
15:31:44.830 [main] INFO  org.testng.internal.Utils - [TestNG] Time taken by org.testng.reporters.FailedReporter@43c67247: 12 ms
15:31:44.844 [main] INFO  org.testng.internal.Utils - [TestNG] Time taken by org.testng.reporters.XMLReporter@48e64352: 13 ms
15:31:44.854 [main] INFO  org.testng.internal.Utils - [TestNG] Time taken by org.testng.reporters.EmailableReporter2@5be82d43: 10 ms
15:31:44.866 [main] INFO  org.testng.internal.Utils - [TestNG] Time taken by org.testng.reporters.JUnitReportReporter@1734f68: 11 ms
15:31:44.866 [main] INFO  org.testng.internal.Utils - [TestNG] Time taken by org.testng.internal.ExitCodeListener@77b7ffa4: 0 ms
15:39:02.460 [main] DEBUG org.testng.TestNG - suiteXmlPath: "C:\Workspaces\Automation_2024\GymnagoV2\logintest.xml"
15:39:02.477 [main] WARN  org.testng.xml.TestNGContentHandler - It is strongly recommended to add "<!DOCTYPE suite SYSTEM "https://testng.org/testng-1.0.dtd" >" at the top of the suite file [C:\Workspaces\Automation_2024\GymnagoV2\logintest.xml] otherwise TestNG may fail or not work as expected.
15:39:02.794 [main] INFO  org.testng.internal.Utils - [TestNG] Running:
  C:\Workspaces\Automation_2024\GymnagoV2\logintest.xml

15:39:12.419 [main] INFO  testCases.TC005_LoginTest - ***Starting login test***
15:41:07.047 [main] DEBUG org.testng.TestNG - suiteXmlPath: "C:\Workspaces\Automation_2024\GymnagoV2\logintest.xml"
15:41:07.064 [main] WARN  org.testng.xml.TestNGContentHandler - It is strongly recommended to add "<!DOCTYPE suite SYSTEM "https://testng.org/testng-1.0.dtd" >" at the top of the suite file [C:\Workspaces\Automation_2024\GymnagoV2\logintest.xml] otherwise TestNG may fail or not work as expected.
15:41:07.406 [main] INFO  org.testng.internal.Utils - [TestNG] Running:
  C:\Workspaces\Automation_2024\GymnagoV2\logintest.xml

15:41:17.514 [main] INFO  testCases.TC005_LoginTest - ***Starting login test***
15:41:38.507 [main] INFO  testCases.TC005_LoginTest - ***Starting login test***
15:47:31.259 [main] DEBUG org.testng.TestNG - suiteXmlPath: "C:\Workspaces\Automation_2024\GymnagoV2\logintest.xml"
15:47:31.275 [main] WARN  org.testng.xml.TestNGContentHandler - It is strongly recommended to add "<!DOCTYPE suite SYSTEM "https://testng.org/testng-1.0.dtd" >" at the top of the suite file [C:\Workspaces\Automation_2024\GymnagoV2\logintest.xml] otherwise TestNG may fail or not work as expected.
15:47:31.615 [main] INFO  org.testng.internal.Utils - [TestNG] Running:
  C:\Workspaces\Automation_2024\GymnagoV2\logintest.xml

15:47:42.338 [main] INFO  testCases.TC005_LoginTest - ***Starting login test***
15:47:56.148 [main] INFO  testCases.TC006_LoginWithInvalid - ***Starting login test***
15:54:24.089 [main] DEBUG org.testng.TestNG - suiteXmlPath: "C:\Workspaces\Automation_2024\GymnagoV2\logintest.xml"
15:54:24.107 [main] WARN  org.testng.xml.TestNGContentHandler - It is strongly recommended to add "<!DOCTYPE suite SYSTEM "https://testng.org/testng-1.0.dtd" >" at the top of the suite file [C:\Workspaces\Automation_2024\GymnagoV2\logintest.xml] otherwise TestNG may fail or not work as expected.
