23:30:46.581 [main] INFO  org.testng.internal.Utils - [TestNG] Running:
  C:\Workspaces\Automation_2024\GymnagoV2\unittest.xml

23:31:19.680 [main] INFO  testCases.TC004_PaymentTest - Selecting client
23:31:19.680 [main] INFO  testCases.TC004_PaymentTest - Clicking on search
23:31:21.383 [main] INFO  testCases.TC004_PaymentTest - Selected client
23:41:30.116 [main] DEBUG org.testng.TestNG - suiteXmlPath: "C:\Workspaces\Automation_2024\GymnagoV2\unittest.xml"
23:41:30.133 [main] WARN  org.testng.xml.TestNGContentHandler - It is strongly recommended to add "<!DOCTYPE suite SYSTEM "https://testng.org/testng-1.0.dtd" >" at the top of the suite file [C:\Workspaces\Automation_2024\GymnagoV2\unittest.xml] otherwise TestNG may fail or not work as expected.
23:41:30.479 [main] INFO  org.testng.internal.Utils - [TestNG] Running:
  C:\Workspaces\Automation_2024\GymnagoV2\unittest.xml

23:41:47.683 [main] INFO  testCases.TC004_PaymentTest - Selecting client
23:41:47.683 [main] INFO  testCases.TC004_PaymentTest - Clicking on search
23:41:49.337 [main] INFO  testCases.TC004_PaymentTest - Selected client
22:12:15.881 [main] DEBUG org.testng.TestNG - suiteXmlPath: "C:\Workspaces\Automation_2024\GymnagoV2\unittest.xml"
22:12:15.898 [main] WARN  org.testng.xml.TestNGContentHandler - It is strongly recommended to add "<!DOCTYPE suite SYSTEM "https://testng.org/testng-1.0.dtd" >" at the top of the suite file [C:\Workspaces\Automation_2024\GymnagoV2\unittest.xml] otherwise TestNG may fail or not work as expected.
22:12:16.294 [main] INFO  org.testng.internal.Utils - [TestNG] Running:
  C:\Workspaces\Automation_2024\GymnagoV2\unittest.xml

22:12:28.581 [main] INFO  testCases.TC004_PaymentTest - Selecting client
22:12:28.581 [main] INFO  testCases.TC004_PaymentTest - Clicking on search
22:12:30.117 [main] INFO  testCases.TC004_PaymentTest - Selected client
22:14:04.243 [main] DEBUG org.testng.TestNG - suiteXmlPath: "C:\Workspaces\Automation_2024\GymnagoV2\unittest.xml"
22:14:04.258 [main] WARN  org.testng.xml.TestNGContentHandler - It is strongly recommended to add "<!DOCTYPE suite SYSTEM "https://testng.org/testng-1.0.dtd" >" at the top of the suite file [C:\Workspaces\Automation_2024\GymnagoV2\unittest.xml] otherwise TestNG may fail or not work as expected.
22:14:04.574 [main] INFO  org.testng.internal.Utils - [TestNG] Running:
  C:\Workspaces\Automation_2024\GymnagoV2\unittest.xml

22:14:34.718 [main] DEBUG org.testng.TestNG - suiteXmlPath: "C:\Workspaces\Automation_2024\GymnagoV2\unittest.xml"
22:14:34.734 [main] WARN  org.testng.xml.TestNGContentHandler - It is strongly recommended to add "<!DOCTYPE suite SYSTEM "https://testng.org/testng-1.0.dtd" >" at the top of the suite file [C:\Workspaces\Automation_2024\GymnagoV2\unittest.xml] otherwise TestNG may fail or not work as expected.
22:14:35.052 [main] INFO  org.testng.internal.Utils - [TestNG] Running:
  C:\Workspaces\Automation_2024\GymnagoV2\unittest.xml

22:14:49.343 [main] INFO  testCases.TC004_PaymentTest - Selecting client
22:14:49.343 [main] INFO  testCases.TC004_PaymentTest - Clicking on search
22:14:50.710 [main] INFO  testCases.TC004_PaymentTest - Selected client
22:16:25.740 [main] DEBUG org.testng.TestNG - suiteXmlPath: "C:\Workspaces\Automation_2024\GymnagoV2\unittest.xml"
22:16:25.757 [main] WARN  org.testng.xml.TestNGContentHandler - It is strongly recommended to add "<!DOCTYPE suite SYSTEM "https://testng.org/testng-1.0.dtd" >" at the top of the suite file [C:\Workspaces\Automation_2024\GymnagoV2\unittest.xml] otherwise TestNG may fail or not work as expected.
22:16:26.093 [main] INFO  org.testng.internal.Utils - [TestNG] Running:
  C:\Workspaces\Automation_2024\GymnagoV2\unittest.xml

22:16:36.188 [main] INFO  testCases.TC004_PaymentTest - Selecting client
22:16:36.188 [main] INFO  testCases.TC004_PaymentTest - Clicking on search
22:16:37.491 [main] INFO  testCases.TC004_PaymentTest - Selected client
22:19:21.223 [main] DEBUG org.testng.TestNG - suiteXmlPath: "C:\Workspaces\Automation_2024\GymnagoV2\unittest.xml"
22:19:21.239 [main] WARN  org.testng.xml.TestNGContentHandler - It is strongly recommended to add "<!DOCTYPE suite SYSTEM "https://testng.org/testng-1.0.dtd" >" at the top of the suite file [C:\Workspaces\Automation_2024\GymnagoV2\unittest.xml] otherwise TestNG may fail or not work as expected.
22:19:21.583 [main] INFO  org.testng.internal.Utils - [TestNG] Running:
  C:\Workspaces\Automation_2024\GymnagoV2\unittest.xml

22:21:06.677 [main] DEBUG org.testng.TestNG - suiteXmlPath: "C:\Workspaces\Automation_2024\GymnagoV2\unittest.xml"
22:21:06.695 [main] WARN  org.testng.xml.TestNGContentHandler - It is strongly recommended to add "<!DOCTYPE suite SYSTEM "https://testng.org/testng-1.0.dtd" >" at the top of the suite file [C:\Workspaces\Automation_2024\GymnagoV2\unittest.xml] otherwise TestNG may fail or not work as expected.
22:21:07.071 [main] INFO  org.testng.internal.Utils - [TestNG] Running:
  C:\Workspaces\Automation_2024\GymnagoV2\unittest.xml

