21:51:48.153 [main] INFO  testCases.TC007_AddMembershipTest - Started executing
21:53:17.502 [main] DEBUG org.testng.TestNG - suiteXmlPath: "C:\Workspaces\Automation_2024\GymnagoV2\unittest.xml"
21:53:17.530 [main] WARN  org.testng.xml.TestNGContentHandler - It is strongly recommended to add "<!DOCTYPE suite SYSTEM "https://testng.org/testng-1.0.dtd" >" at the top of the suite file [C:\Workspaces\Automation_2024\GymnagoV2\unittest.xml] otherwise TestNG may fail or not work as expected.
21:53:17.881 [main] INFO  org.testng.internal.Utils - [TestNG] Running:
  C:\Workspaces\Automation_2024\GymnagoV2\unittest.xml

21:53:36.601 [main] INFO  testCases.TC007_AddMembershipTest - Started executing
21:59:32.803 [main] DEBUG org.testng.TestNG - suiteXmlPath: "C:\Workspaces\Automation_2024\GymnagoV2\unittest.xml"
21:59:32.821 [main] WARN  org.testng.xml.TestNGContentHandler - It is strongly recommended to add "<!DOCTYPE suite SYSTEM "https://testng.org/testng-1.0.dtd" >" at the top of the suite file [C:\Workspaces\Automation_2024\GymnagoV2\unittest.xml] otherwise TestNG may fail or not work as expected.
21:59:33.154 [main] INFO  org.testng.internal.Utils - [TestNG] Running:
  C:\Workspaces\Automation_2024\GymnagoV2\unittest.xml

21:59:40.533 [main] INFO  testCases.TC007_AddMembershipTest - Started executing
22:02:38.027 [main] DEBUG org.testng.TestNG - suiteXmlPath: "C:\Workspaces\Automation_2024\GymnagoV2\unittest.xml"
22:02:38.048 [main] WARN  org.testng.xml.TestNGContentHandler - It is strongly recommended to add "<!DOCTYPE suite SYSTEM "https://testng.org/testng-1.0.dtd" >" at the top of the suite file [C:\Workspaces\Automation_2024\GymnagoV2\unittest.xml] otherwise TestNG may fail or not work as expected.
22:02:38.386 [main] INFO  org.testng.internal.Utils - [TestNG] Running:
  C:\Workspaces\Automation_2024\GymnagoV2\unittest.xml

22:02:48.688 [main] INFO  testCases.TC007_AddMembershipTest - Started executing
22:03:01.417 [main] DEBUG org.testng.TestNG - suiteXmlPath: "C:\Workspaces\Automation_2024\GymnagoV2\unittest.xml"
22:03:01.434 [main] WARN  org.testng.xml.TestNGContentHandler - It is strongly recommended to add "<!DOCTYPE suite SYSTEM "https://testng.org/testng-1.0.dtd" >" at the top of the suite file [C:\Workspaces\Automation_2024\GymnagoV2\unittest.xml] otherwise TestNG may fail or not work as expected.
22:03:01.770 [main] INFO  org.testng.internal.Utils - [TestNG] Running:
  C:\Workspaces\Automation_2024\GymnagoV2\unittest.xml

22:03:12.263 [main] INFO  testCases.TC007_AddMembershipTest - Started executing
22:04:26.449 [main] DEBUG org.testng.TestNG - suiteXmlPath: "C:\Workspaces\Automation_2024\GymnagoV2\unittest.xml"
22:04:26.473 [main] WARN  org.testng.xml.TestNGContentHandler - It is strongly recommended to add "<!DOCTYPE suite SYSTEM "https://testng.org/testng-1.0.dtd" >" at the top of the suite file [C:\Workspaces\Automation_2024\GymnagoV2\unittest.xml] otherwise TestNG may fail or not work as expected.
22:04:26.887 [main] INFO  org.testng.internal.Utils - [TestNG] Running:
  C:\Workspaces\Automation_2024\GymnagoV2\unittest.xml

22:04:32.308 [main] INFO  testCases.TC007_AddMembershipTest - Started executing
22:06:01.124 [main] DEBUG org.testng.TestNG - suiteXmlPath: "C:\Workspaces\Automation_2024\GymnagoV2\unittest.xml"
22:06:01.145 [main] WARN  org.testng.xml.TestNGContentHandler - It is strongly recommended to add "<!DOCTYPE suite SYSTEM "https://testng.org/testng-1.0.dtd" >" at the top of the suite file [C:\Workspaces\Automation_2024\GymnagoV2\unittest.xml] otherwise TestNG may fail or not work as expected.
22:06:01.512 [main] INFO  org.testng.internal.Utils - [TestNG] Running:
  C:\Workspaces\Automation_2024\GymnagoV2\unittest.xml

22:06:07.322 [main] INFO  testCases.TC007_AddMembershipTest - Started executing
22:07:03.799 [main] DEBUG org.testng.TestNG - suiteXmlPath: "C:\Workspaces\Automation_2024\GymnagoV2\unittest.xml"
22:07:03.820 [main] WARN  org.testng.xml.TestNGContentHandler - It is strongly recommended to add "<!DOCTYPE suite SYSTEM "https://testng.org/testng-1.0.dtd" >" at the top of the suite file [C:\Workspaces\Automation_2024\GymnagoV2\unittest.xml] otherwise TestNG may fail or not work as expected.
22:07:04.202 [main] INFO  org.testng.internal.Utils - [TestNG] Running:
  C:\Workspaces\Automation_2024\GymnagoV2\unittest.xml

22:07:16.362 [main] INFO  testCases.TC007_AddMembershipTest - Started executing
22:11:13.146 [main] DEBUG org.testng.TestNG - suiteXmlPath: "C:\Workspaces\Automation_2024\GymnagoV2\unittest.xml"
22:11:13.165 [main] WARN  org.testng.xml.TestNGContentHandler - It is strongly recommended to add "<!DOCTYPE suite SYSTEM "https://testng.org/testng-1.0.dtd" >" at the top of the suite file [C:\Workspaces\Automation_2024\GymnagoV2\unittest.xml] otherwise TestNG may fail or not work as expected.
22:11:13.500 [main] INFO  org.testng.internal.Utils - [TestNG] Running:
  C:\Workspaces\Automation_2024\GymnagoV2\unittest.xml

22:11:26.791 [main] INFO  testCases.TC007_AddMembershipTest - Started executing
