22:12:45.216 [main] DEBUG org.testng.TestNG - suiteXmlPath: "C:\Workspaces\Automation_2024\GymnagoV2\unittest.xml"
22:12:45.238 [main] WARN  org.testng.xml.TestNGContentHandler - It is strongly recommended to add "<!DOCTYPE suite SYSTEM "https://testng.org/testng-1.0.dtd" >" at the top of the suite file [C:\Workspaces\Automation_2024\GymnagoV2\unittest.xml] otherwise TestNG may fail or not work as expected.
22:12:45.589 [main] INFO  org.testng.internal.Utils - [TestNG] Running:
  C:\Workspaces\Automation_2024\GymnagoV2\unittest.xml

22:12:49.772 [main] INFO  testCases.TC007_AddMembershipTest - Started executing
22:14:44.175 [main] DEBUG org.testng.TestNG - suiteXmlPath: "C:\Workspaces\Automation_2024\GymnagoV2\unittest.xml"
22:14:44.195 [main] WARN  org.testng.xml.TestNGContentHandler - It is strongly recommended to add "<!DOCTYPE suite SYSTEM "https://testng.org/testng-1.0.dtd" >" at the top of the suite file [C:\Workspaces\Automation_2024\GymnagoV2\unittest.xml] otherwise TestNG may fail or not work as expected.
22:14:44.565 [main] INFO  org.testng.internal.Utils - [TestNG] Running:
  C:\Workspaces\Automation_2024\GymnagoV2\unittest.xml

22:14:54.695 [main] INFO  testCases.TC007_AddMembershipTest - Started executing
22:20:04.044 [main] DEBUG org.testng.TestNG - suiteXmlPath: "C:\Workspaces\Automation_2024\GymnagoV2\unittest.xml"
22:20:04.062 [main] WARN  org.testng.xml.TestNGContentHandler - It is strongly recommended to add "<!DOCTYPE suite SYSTEM "https://testng.org/testng-1.0.dtd" >" at the top of the suite file [C:\Workspaces\Automation_2024\GymnagoV2\unittest.xml] otherwise TestNG may fail or not work as expected.
22:20:04.414 [main] INFO  org.testng.internal.Utils - [TestNG] Running:
  C:\Workspaces\Automation_2024\GymnagoV2\unittest.xml

22:20:14.442 [main] INFO  testCases.TC007_AddMembershipTest - Started executing
22:20:35.344 [main] DEBUG org.testng.TestNG - suiteXmlPath: "C:\Workspaces\Automation_2024\GymnagoV2\unittest.xml"
22:20:35.362 [main] WARN  org.testng.xml.TestNGContentHandler - It is strongly recommended to add "<!DOCTYPE suite SYSTEM "https://testng.org/testng-1.0.dtd" >" at the top of the suite file [C:\Workspaces\Automation_2024\GymnagoV2\unittest.xml] otherwise TestNG may fail or not work as expected.
22:20:35.723 [main] INFO  org.testng.internal.Utils - [TestNG] Running:
  C:\Workspaces\Automation_2024\GymnagoV2\unittest.xml

22:20:46.559 [main] INFO  testCases.TC007_AddMembershipTest - Started executing
22:21:58.393 [main] DEBUG org.testng.TestNG - suiteXmlPath: "C:\Workspaces\Automation_2024\GymnagoV2\unittest.xml"
22:21:58.412 [main] WARN  org.testng.xml.TestNGContentHandler - It is strongly recommended to add "<!DOCTYPE suite SYSTEM "https://testng.org/testng-1.0.dtd" >" at the top of the suite file [C:\Workspaces\Automation_2024\GymnagoV2\unittest.xml] otherwise TestNG may fail or not work as expected.
22:21:58.773 [main] INFO  org.testng.internal.Utils - [TestNG] Running:
  C:\Workspaces\Automation_2024\GymnagoV2\unittest.xml

22:22:09.361 [main] INFO  testCases.TC007_AddMembershipTest - Started executing
22:22:49.962 [main] DEBUG org.testng.TestNG - suiteXmlPath: "C:\Workspaces\Automation_2024\GymnagoV2\unittest.xml"
22:22:49.980 [main] WARN  org.testng.xml.TestNGContentHandler - It is strongly recommended to add "<!DOCTYPE suite SYSTEM "https://testng.org/testng-1.0.dtd" >" at the top of the suite file [C:\Workspaces\Automation_2024\GymnagoV2\unittest.xml] otherwise TestNG may fail or not work as expected.
22:22:50.346 [main] INFO  org.testng.internal.Utils - [TestNG] Running:
  C:\Workspaces\Automation_2024\GymnagoV2\unittest.xml

22:23:00.581 [main] INFO  testCases.TC007_AddMembershipTest - Started executing
22:24:37.142 [main] DEBUG org.testng.TestNG - suiteXmlPath: "C:\Workspaces\Automation_2024\GymnagoV2\unittest.xml"
22:24:37.160 [main] WARN  org.testng.xml.TestNGContentHandler - It is strongly recommended to add "<!DOCTYPE suite SYSTEM "https://testng.org/testng-1.0.dtd" >" at the top of the suite file [C:\Workspaces\Automation_2024\GymnagoV2\unittest.xml] otherwise TestNG may fail or not work as expected.
22:24:37.504 [main] INFO  org.testng.internal.Utils - [TestNG] Running:
  C:\Workspaces\Automation_2024\GymnagoV2\unittest.xml

22:24:51.859 [main] INFO  testCases.TC007_AddMembershipTest - Started executing
