11:14:31.589 [main] INFO  org.testng.internal.Utils - [TestNG] Running:
  C:\Workspaces\Automation_2024\GymnagoV2\unittest.xml

11:15:00.651 [main] INFO  testCases.TC004_PaymentTest - Selecting client
11:15:00.652 [main] INFO  testCases.TC004_PaymentTest - Clicking on search
11:15:01.921 [main] INFO  testCases.TC004_PaymentTest - Selected client
11:15:02.222 [main] INFO  testCases.TC004_PaymentTest - Selected membership category
11:15:02.780 [main] INFO  testCases.TC004_PaymentTest - Selected membership
11:15:03.245 [main] INFO  testCases.TC004_PaymentTest - Clicked gotopayment
11:16:11.096 [main] DEBUG org.testng.TestNG - suiteXmlPath: "C:\Workspaces\Automation_2024\GymnagoV2\unittest.xml"
11:16:11.117 [main] WARN  org.testng.xml.TestNGContentHandler - It is strongly recommended to add "<!DOCTYPE suite SYSTEM "https://testng.org/testng-1.0.dtd" >" at the top of the suite file [C:\Workspaces\Automation_2024\GymnagoV2\unittest.xml] otherwise TestNG may fail or not work as expected.
11:16:11.536 [main] INFO  org.testng.internal.Utils - [TestNG] Running:
  C:\Workspaces\Automation_2024\GymnagoV2\unittest.xml

11:16:29.390 [main] INFO  testCases.TC004_PaymentTest - Selecting client
11:16:29.390 [main] INFO  testCases.TC004_PaymentTest - Clicking on search
11:16:30.903 [main] INFO  testCases.TC004_PaymentTest - Selected client
11:16:31.290 [main] INFO  testCases.TC004_PaymentTest - Selected membership category
11:16:31.847 [main] INFO  testCases.TC004_PaymentTest - Selected membership
11:17:22.236 [main] DEBUG org.testng.TestNG - suiteXmlPath: "C:\Workspaces\Automation_2024\GymnagoV2\unittest.xml"
11:17:22.254 [main] WARN  org.testng.xml.TestNGContentHandler - It is strongly recommended to add "<!DOCTYPE suite SYSTEM "https://testng.org/testng-1.0.dtd" >" at the top of the suite file [C:\Workspaces\Automation_2024\GymnagoV2\unittest.xml] otherwise TestNG may fail or not work as expected.
11:17:22.612 [main] INFO  org.testng.internal.Utils - [TestNG] Running:
  C:\Workspaces\Automation_2024\GymnagoV2\unittest.xml

11:17:39.008 [main] INFO  testCases.TC004_PaymentTest - Selecting client
11:17:39.008 [main] INFO  testCases.TC004_PaymentTest - Clicking on search
11:17:40.468 [main] INFO  testCases.TC004_PaymentTest - Selected client
11:17:40.920 [main] INFO  testCases.TC004_PaymentTest - Selected membership category
11:19:29.925 [main] DEBUG org.testng.TestNG - suiteXmlPath: "C:\Workspaces\Automation_2024\GymnagoV2\unittest.xml"
11:19:29.947 [main] WARN  org.testng.xml.TestNGContentHandler - It is strongly recommended to add "<!DOCTYPE suite SYSTEM "https://testng.org/testng-1.0.dtd" >" at the top of the suite file [C:\Workspaces\Automation_2024\GymnagoV2\unittest.xml] otherwise TestNG may fail or not work as expected.
11:19:30.342 [main] INFO  org.testng.internal.Utils - [TestNG] Running:
  C:\Workspaces\Automation_2024\GymnagoV2\unittest.xml

11:19:44.013 [main] INFO  testCases.TC004_PaymentTest - Selecting client
11:19:44.013 [main] INFO  testCases.TC004_PaymentTest - Clicking on search
11:19:45.905 [main] INFO  testCases.TC004_PaymentTest - Selected client
11:19:46.686 [main] INFO  testCases.TC004_PaymentTest - Selected membership category
11:19:47.416 [main] INFO  testCases.TC004_PaymentTest - Selected membership
11:20:04.061 [main] DEBUG org.testng.TestNG - suiteXmlPath: "C:\Workspaces\Automation_2024\GymnagoV2\unittest.xml"
11:20:04.078 [main] WARN  org.testng.xml.TestNGContentHandler - It is strongly recommended to add "<!DOCTYPE suite SYSTEM "https://testng.org/testng-1.0.dtd" >" at the top of the suite file [C:\Workspaces\Automation_2024\GymnagoV2\unittest.xml] otherwise TestNG may fail or not work as expected.
11:20:04.442 [main] INFO  org.testng.internal.Utils - [TestNG] Running:
  C:\Workspaces\Automation_2024\GymnagoV2\unittest.xml

11:20:24.522 [main] INFO  testCases.TC004_PaymentTest - Selecting client
11:20:24.522 [main] INFO  testCases.TC004_PaymentTest - Clicking on search
11:20:26.086 [main] INFO  testCases.TC004_PaymentTest - Selected client
11:20:26.572 [main] INFO  testCases.TC004_PaymentTest - Selected membership category
11:20:27.175 [main] INFO  testCases.TC004_PaymentTest - Selected membership
22:28:19.184 [main] DEBUG org.testng.TestNG - suiteXmlPath: "C:\Workspaces\Automation_2024\GymnagoV2\unittest.xml"
22:28:19.206 [main] WARN  org.testng.xml.TestNGContentHandler - It is strongly recommended to add "<!DOCTYPE suite SYSTEM "https://testng.org/testng-1.0.dtd" >" at the top of the suite file [C:\Workspaces\Automation_2024\GymnagoV2\unittest.xml] otherwise TestNG may fail or not work as expected.
22:28:19.703 [main] INFO  org.testng.internal.Utils - [TestNG] Running:
  C:\Workspaces\Automation_2024\GymnagoV2\unittest.xml

22:28:47.790 [main] DEBUG org.testng.TestNG - suiteXmlPath: "C:\Workspaces\Automation_2024\GymnagoV2\unittest.xml"
22:28:47.806 [main] WARN  org.testng.xml.TestNGContentHandler - It is strongly recommended to add "<!DOCTYPE suite SYSTEM "https://testng.org/testng-1.0.dtd" >" at the top of the suite file [C:\Workspaces\Automation_2024\GymnagoV2\unittest.xml] otherwise TestNG may fail or not work as expected.
