10:08:35.990 [main] WARN  org.testng.xml.TestNGContentHandler - It is strongly recommended to add "<!DOCTYPE suite SYSTEM "https://testng.org/testng-1.0.dtd" >" at the top of the suite file [C:\Workspaces\Automation_2024\GymnagoV2\unittest.xml] otherwise TestNG may fail or not work as expected.
10:08:36.371 [main] INFO  org.testng.internal.Utils - [TestNG] Running:
  C:\Workspaces\Automation_2024\GymnagoV2\unittest.xml

10:09:10.923 [main] INFO  testCases.TC004_PaymentTest - Selecting client
10:09:10.923 [main] INFO  testCases.TC004_PaymentTest - Clicking on search
10:09:12.556 [main] INFO  testCases.TC004_PaymentTest - Selected client
10:09:12.961 [main] INFO  testCases.TC004_PaymentTest - Selected membership category
10:09:13.676 [main] INFO  testCases.TC004_PaymentTest - Selected membership
10:09:14.161 [main] INFO  testCases.TC004_PaymentTest - Clicked gotopayment
10:09:15.038 [main] INFO  testCases.TC004_PaymentTest - Clicked payment method
10:09:15.183 [main] INFO  testCases.TC004_PaymentTest - Clicked pay
10:58:49.693 [main] DEBUG org.testng.TestNG - suiteXmlPath: "C:\Workspaces\Automation_2024\GymnagoV2\unittest.xml"
10:58:49.711 [main] WARN  org.testng.xml.TestNGContentHandler - It is strongly recommended to add "<!DOCTYPE suite SYSTEM "https://testng.org/testng-1.0.dtd" >" at the top of the suite file [C:\Workspaces\Automation_2024\GymnagoV2\unittest.xml] otherwise TestNG may fail or not work as expected.
10:58:50.209 [main] INFO  org.testng.internal.Utils - [TestNG] Running:
  C:\Workspaces\Automation_2024\GymnagoV2\unittest.xml

10:59:14.192 [main] INFO  testCases.TC004_PaymentTest - Selecting client
10:59:14.192 [main] INFO  testCases.TC004_PaymentTest - Clicking on search
10:59:15.657 [main] INFO  testCases.TC004_PaymentTest - Selected client
10:59:15.944 [main] INFO  testCases.TC004_PaymentTest - Selected membership category
10:59:16.622 [main] INFO  testCases.TC004_PaymentTest - Selected membership
10:59:17.206 [main] INFO  testCases.TC004_PaymentTest - Clicked gotopayment
10:59:18.129 [main] INFO  testCases.TC004_PaymentTest - Clicked payment method
10:59:18.227 [main] INFO  testCases.TC004_PaymentTest - Clicked pay
11:12:18.201 [main] DEBUG org.testng.TestNG - suiteXmlPath: "C:\Workspaces\Automation_2024\GymnagoV2\unittest.xml"
11:12:18.220 [main] WARN  org.testng.xml.TestNGContentHandler - It is strongly recommended to add "<!DOCTYPE suite SYSTEM "https://testng.org/testng-1.0.dtd" >" at the top of the suite file [C:\Workspaces\Automation_2024\GymnagoV2\unittest.xml] otherwise TestNG may fail or not work as expected.
11:12:18.695 [main] INFO  org.testng.internal.Utils - [TestNG] Running:
  C:\Workspaces\Automation_2024\GymnagoV2\unittest.xml

11:12:30.138 [main] INFO  testCases.TC004_PaymentTest - Selecting client
11:12:30.138 [main] INFO  testCases.TC004_PaymentTest - Clicking on search
11:12:31.744 [main] INFO  testCases.TC004_PaymentTest - Selected client
11:12:32.105 [main] INFO  testCases.TC004_PaymentTest - Selected membership category
11:12:46.944 [main] DEBUG org.testng.TestNG - suiteXmlPath: "C:\Workspaces\Automation_2024\GymnagoV2\unittest.xml"
11:12:46.964 [main] WARN  org.testng.xml.TestNGContentHandler - It is strongly recommended to add "<!DOCTYPE suite SYSTEM "https://testng.org/testng-1.0.dtd" >" at the top of the suite file [C:\Workspaces\Automation_2024\GymnagoV2\unittest.xml] otherwise TestNG may fail or not work as expected.
11:12:47.339 [main] INFO  org.testng.internal.Utils - [TestNG] Running:
  C:\Workspaces\Automation_2024\GymnagoV2\unittest.xml

11:13:04.566 [main] INFO  testCases.TC004_PaymentTest - Selecting client
11:13:04.566 [main] INFO  testCases.TC004_PaymentTest - Clicking on search
11:13:06.107 [main] INFO  testCases.TC004_PaymentTest - Selected client
11:13:06.459 [main] INFO  testCases.TC004_PaymentTest - Selected membership category
11:13:17.232 [main] DEBUG org.testng.TestNG - suiteXmlPath: "C:\Workspaces\Automation_2024\GymnagoV2\unittest.xml"
11:13:17.253 [main] WARN  org.testng.xml.TestNGContentHandler - It is strongly recommended to add "<!DOCTYPE suite SYSTEM "https://testng.org/testng-1.0.dtd" >" at the top of the suite file [C:\Workspaces\Automation_2024\GymnagoV2\unittest.xml] otherwise TestNG may fail or not work as expected.
11:13:17.621 [main] INFO  org.testng.internal.Utils - [TestNG] Running:
  C:\Workspaces\Automation_2024\GymnagoV2\unittest.xml

11:13:28.243 [main] INFO  testCases.TC004_PaymentTest - Selecting client
11:13:28.244 [main] INFO  testCases.TC004_PaymentTest - Clicking on search
11:13:29.722 [main] INFO  testCases.TC004_PaymentTest - Selected client
11:13:29.985 [main] INFO  testCases.TC004_PaymentTest - Selected membership category
11:14:31.111 [main] DEBUG org.testng.TestNG - suiteXmlPath: "C:\Workspaces\Automation_2024\GymnagoV2\unittest.xml"
11:14:31.128 [main] WARN  org.testng.xml.TestNGContentHandler - It is strongly recommended to add "<!DOCTYPE suite SYSTEM "https://testng.org/testng-1.0.dtd" >" at the top of the suite file [C:\Workspaces\Automation_2024\GymnagoV2\unittest.xml] otherwise TestNG may fail or not work as expected.
